2024-05-07T10:04:02.2329276-03:00  [INF] Now listening on: "http://localhost:5075" (d826f4b8)
2024-05-07T10:04:02.4152259-03:00  [INF] Application started. Press Ctrl+C to shut down. (dcaefe54)
2024-05-07T10:04:02.4183313-03:00  [INF] Hosting environment: "Development" (bc5a1a4e)
2024-05-07T10:04:02.4207792-03:00  [INF] Content root path: "C:\Users\USER\source\repos\T2\ApiWebDB" (cc26f24e)
2024-05-07T10:04:02.7678588-03:00 0HN3EIOLDTN0G:00000001 [INF] Request starting "HTTP/1.1" "GET" "http"://"localhost:5075""""/swagger/index.html""" - null null (d509f86a)
2024-05-07T10:04:03.4287887-03:00 0HN3EIOLDTN0G:00000001 [INF] Request finished "HTTP/1.1" "GET" "http"://"localhost:5075""""/swagger/index.html""" - 200 null "text/html;charset=utf-8" 676.996ms (74253ad3)
2024-05-07T10:04:03.5056236-03:00 0HN3EIOLDTN0H:00000001 [INF] Request starting "HTTP/1.1" "GET" "http"://"localhost:5075""""/_vs/browserLink""" - null null (d509f86a)
2024-05-07T10:04:03.5064919-03:00 0HN3EIOLDTN0G:00000002 [INF] Request starting "HTTP/1.1" "GET" "http"://"localhost:5075""""/_framework/aspnetcore-browser-refresh.js""" - null null (d509f86a)
2024-05-07T10:04:03.5115724-03:00 0HN3EIOLDTN0G:00000002 [INF] Request finished "HTTP/1.1" "GET" "http"://"localhost:5075""""/_framework/aspnetcore-browser-refresh.js""" - 200 13752 "application/javascript; charset=utf-8" 5.0085ms (74253ad3)
2024-05-07T10:04:03.5772543-03:00 0HN3EIOLDTN0H:00000001 [INF] Request finished "HTTP/1.1" "GET" "http"://"localhost:5075""""/_vs/browserLink""" - 200 null "text/javascript; charset=UTF-8" 71.7419ms (74253ad3)
2024-05-07T10:04:03.8673954-03:00 0HN3EIOLDTN0H:00000002 [INF] Request starting "HTTP/1.1" "GET" "http"://"localhost:5075""""/swagger/v1/swagger.json""" - null null (d509f86a)
2024-05-07T10:04:04.0715710-03:00 0HN3EIOLDTN0H:00000002 [INF] Request finished "HTTP/1.1" "GET" "http"://"localhost:5075""""/swagger/v1/swagger.json""" - 200 null "application/json;charset=utf-8" 204.3387ms (74253ad3)
2024-05-07T10:05:08.6489728-03:00 0HN3EIOLDTN0I:00000001 [INF] Request starting "HTTP/1.1" "POST" "http"://"localhost:5075""""/api/Enderecos""" - "application/json" 197 (d509f86a)
2024-05-07T10:05:08.6816412-03:00 0HN3EIOLDTN0I:00000001 [INF] Executing endpoint '"ApiWebDB.Controllers.EnderecosController.Insert (ApiWebDB)"' (500cc934)
2024-05-07T10:05:08.7483003-03:00 0HN3EIOLDTN0I:00000001 [INF] Route matched with "{action = \"Insert\", controller = \"Enderecos\"}". Executing controller action with signature "Microsoft.AspNetCore.Mvc.ActionResult`1[APIWebDB.BaseDados.Models.TbEndereco] Insert(ApiWebDB.Services.DTOs.EnderecoDTO)" on controller "ApiWebDB.Controllers.EnderecosController" ("ApiWebDB"). (122b2fdf)
2024-05-07T10:05:08.7641854-03:00 0HN3EIOLDTN0I:00000001 [INF] Executed action "ApiWebDB.Controllers.EnderecosController.Insert (ApiWebDB)" in 7.4291ms (afa2e885)
2024-05-07T10:05:08.7674142-03:00 0HN3EIOLDTN0I:00000001 [INF] Executed endpoint '"ApiWebDB.Controllers.EnderecosController.Insert (ApiWebDB)"' (99874f2b)
2024-05-07T10:05:09.1326097-03:00 0HN3EIOLDTN0I:00000001 [ERR] An unhandled exception has occurred while executing the request. (48a46595)
System.InvalidOperationException: Unable to resolve service for type 'ApiWebDB.Services.EnderecoService' while attempting to activate 'ApiWebDB.Controllers.EnderecosController'.
   at Microsoft.Extensions.DependencyInjection.ActivatorUtilities.ThrowHelperUnableToResolveService(Type type, Type requiredBy)
   at lambda_method3(Closure, IServiceProvider, Object[])
   at Microsoft.AspNetCore.Mvc.Controllers.ControllerFactoryProvider.<>c__DisplayClass6_0.<CreateControllerFactory>g__CreateController|0(ControllerContext controllerContext)
   at Microsoft.AspNetCore.Mvc.Infrastructure.ControllerActionInvoker.Next(State& next, Scope& scope, Object& state, Boolean& isCompleted)
   at Microsoft.AspNetCore.Mvc.Infrastructure.ControllerActionInvoker.InvokeInnerFilterAsync()
--- End of stack trace from previous location ---
   at Microsoft.AspNetCore.Mvc.Infrastructure.ResourceInvoker.<InvokeFilterPipelineAsync>g__Awaited|20_0(ResourceInvoker invoker, Task lastTask, State next, Scope scope, Object state, Boolean isCompleted)
   at Microsoft.AspNetCore.Mvc.Infrastructure.ResourceInvoker.<InvokeAsync>g__Logged|17_1(ResourceInvoker invoker)
   at Microsoft.AspNetCore.Mvc.Infrastructure.ResourceInvoker.<InvokeAsync>g__Logged|17_1(ResourceInvoker invoker)
   at Microsoft.AspNetCore.Routing.EndpointMiddleware.<Invoke>g__AwaitRequestTask|7_0(Endpoint endpoint, Task requestTask, ILogger logger)
   at Microsoft.AspNetCore.Authorization.AuthorizationMiddleware.Invoke(HttpContext context)
   at Swashbuckle.AspNetCore.SwaggerUI.SwaggerUIMiddleware.Invoke(HttpContext httpContext)
   at Swashbuckle.AspNetCore.Swagger.SwaggerMiddleware.Invoke(HttpContext httpContext, ISwaggerProvider swaggerProvider)
   at Microsoft.AspNetCore.Authentication.AuthenticationMiddleware.Invoke(HttpContext context)
   at Microsoft.AspNetCore.Diagnostics.DeveloperExceptionPageMiddlewareImpl.Invoke(HttpContext context)
2024-05-07T10:05:09.1413669-03:00 0HN3EIOLDTN0I:00000001 [INF] Request finished "HTTP/1.1" "POST" "http"://"localhost:5075""""/api/Enderecos""" - 500 null "text/plain; charset=utf-8" 492.4855ms (74253ad3)
2024-05-07T16:14:53.6263070-03:00  [INF] Now listening on: "http://localhost:5075" (d826f4b8)
2024-05-07T16:14:53.7800506-03:00  [INF] Application started. Press Ctrl+C to shut down. (dcaefe54)
2024-05-07T16:14:53.7833804-03:00  [INF] Hosting environment: "Development" (bc5a1a4e)
2024-05-07T16:14:53.7860919-03:00  [INF] Content root path: "C:\Users\USER\source\repos\T2\ApiWebDB" (cc26f24e)
2024-05-07T16:14:54.2263712-03:00 0HN3EP7SRCQUU:00000001 [INF] Request starting "HTTP/1.1" "GET" "http"://"localhost:5075""""/swagger/index.html""" - null null (d509f86a)
2024-05-07T16:14:54.8145115-03:00 0HN3EP7SRCQUU:00000001 [INF] Request finished "HTTP/1.1" "GET" "http"://"localhost:5075""""/swagger/index.html""" - 200 null "text/html;charset=utf-8" 603.7557ms (74253ad3)
2024-05-07T16:14:54.8785540-03:00 0HN3EP7SRCQUU:00000002 [INF] Request starting "HTTP/1.1" "GET" "http"://"localhost:5075""""/_framework/aspnetcore-browser-refresh.js""" - null null (d509f86a)
2024-05-07T16:14:54.8817255-03:00 0HN3EP7SRCQUU:00000002 [INF] Request finished "HTTP/1.1" "GET" "http"://"localhost:5075""""/_framework/aspnetcore-browser-refresh.js""" - 200 13752 "application/javascript; charset=utf-8" 3.5698ms (74253ad3)
2024-05-07T16:14:54.8943632-03:00 0HN3EP7SRCQUU:00000003 [INF] Request starting "HTTP/1.1" "GET" "http"://"localhost:5075""""/_vs/browserLink""" - null null (d509f86a)
2024-05-07T16:14:55.0429951-03:00 0HN3EP7SRCQUU:00000003 [INF] Request finished "HTTP/1.1" "GET" "http"://"localhost:5075""""/_vs/browserLink""" - 200 null "text/javascript; charset=UTF-8" 148.5982ms (74253ad3)
2024-05-07T16:14:55.1113473-03:00 0HN3EP7SRCQUU:00000004 [INF] Request starting "HTTP/1.1" "GET" "http"://"localhost:5075""""/swagger/v1/swagger.json""" - null null (d509f86a)
2024-05-07T16:14:55.3056675-03:00 0HN3EP7SRCQUU:00000004 [INF] Request finished "HTTP/1.1" "GET" "http"://"localhost:5075""""/swagger/v1/swagger.json""" - 200 null "application/json;charset=utf-8" 194.4632ms (74253ad3)
2024-05-07T16:15:04.4992193-03:00 0HN3EP7SRCQV0:00000001 [INF] Request starting "HTTP/1.1" "POST" "http"://"localhost:5075""""/api/Enderecos""" - "application/json" 184 (d509f86a)
2024-05-07T16:15:04.5377080-03:00 0HN3EP7SRCQV0:00000001 [INF] Executing endpoint '"ApiWebDB.Controllers.EnderecosController.Insert (ApiWebDB)"' (500cc934)
2024-05-07T16:15:04.6086744-03:00 0HN3EP7SRCQV0:00000001 [INF] Route matched with "{action = \"Insert\", controller = \"Enderecos\"}". Executing controller action with signature "Microsoft.AspNetCore.Mvc.ActionResult`1[APIWebDB.BaseDados.Models.TbEndereco] Insert(ApiWebDB.Services.DTOs.EnderecoDTO)" on controller "ApiWebDB.Controllers.EnderecosController" ("ApiWebDB"). (122b2fdf)
2024-05-07T16:15:04.6301912-03:00 0HN3EP7SRCQV0:00000001 [INF] Executed action "ApiWebDB.Controllers.EnderecosController.Insert (ApiWebDB)" in 12.599ms (afa2e885)
2024-05-07T16:15:04.6342315-03:00 0HN3EP7SRCQV0:00000001 [INF] Executed endpoint '"ApiWebDB.Controllers.EnderecosController.Insert (ApiWebDB)"' (99874f2b)
2024-05-07T16:15:04.9720760-03:00 0HN3EP7SRCQV0:00000001 [ERR] An unhandled exception has occurred while executing the request. (48a46595)
System.InvalidOperationException: Unable to resolve service for type 'ApiWebDB.Services.EnderecoService' while attempting to activate 'ApiWebDB.Controllers.EnderecosController'.
   at Microsoft.Extensions.DependencyInjection.ActivatorUtilities.ThrowHelperUnableToResolveService(Type type, Type requiredBy)
   at lambda_method3(Closure, IServiceProvider, Object[])
   at Microsoft.AspNetCore.Mvc.Controllers.ControllerFactoryProvider.<>c__DisplayClass6_0.<CreateControllerFactory>g__CreateController|0(ControllerContext controllerContext)
   at Microsoft.AspNetCore.Mvc.Infrastructure.ControllerActionInvoker.Next(State& next, Scope& scope, Object& state, Boolean& isCompleted)
   at Microsoft.AspNetCore.Mvc.Infrastructure.ControllerActionInvoker.InvokeInnerFilterAsync()
--- End of stack trace from previous location ---
   at Microsoft.AspNetCore.Mvc.Infrastructure.ResourceInvoker.<InvokeFilterPipelineAsync>g__Awaited|20_0(ResourceInvoker invoker, Task lastTask, State next, Scope scope, Object state, Boolean isCompleted)
   at Microsoft.AspNetCore.Mvc.Infrastructure.ResourceInvoker.<InvokeAsync>g__Logged|17_1(ResourceInvoker invoker)
   at Microsoft.AspNetCore.Mvc.Infrastructure.ResourceInvoker.<InvokeAsync>g__Logged|17_1(ResourceInvoker invoker)
   at Microsoft.AspNetCore.Routing.EndpointMiddleware.<Invoke>g__AwaitRequestTask|7_0(Endpoint endpoint, Task requestTask, ILogger logger)
   at Microsoft.AspNetCore.Authorization.AuthorizationMiddleware.Invoke(HttpContext context)
   at Swashbuckle.AspNetCore.SwaggerUI.SwaggerUIMiddleware.Invoke(HttpContext httpContext)
   at Swashbuckle.AspNetCore.Swagger.SwaggerMiddleware.Invoke(HttpContext httpContext, ISwaggerProvider swaggerProvider)
   at Microsoft.AspNetCore.Authentication.AuthenticationMiddleware.Invoke(HttpContext context)
   at Microsoft.AspNetCore.Diagnostics.DeveloperExceptionPageMiddlewareImpl.Invoke(HttpContext context)
2024-05-07T16:15:04.9786579-03:00 0HN3EP7SRCQV0:00000001 [INF] Request finished "HTTP/1.1" "POST" "http"://"localhost:5075""""/api/Enderecos""" - 500 null "text/plain; charset=utf-8" 479.5679ms (74253ad3)
2024-05-07T16:50:48.5374851-03:00  [INF] Now listening on: "http://localhost:5075" (d826f4b8)
2024-05-07T16:50:48.8290348-03:00  [INF] Application started. Press Ctrl+C to shut down. (dcaefe54)
2024-05-07T16:50:48.8333343-03:00  [INF] Hosting environment: "Development" (bc5a1a4e)
2024-05-07T16:50:48.8360049-03:00  [INF] Content root path: "C:\Users\USER\source\repos\T2\ApiWebDB" (cc26f24e)
2024-05-07T16:50:48.9817069-03:00 0HN3EPRV3BRM1:00000001 [INF] Request starting "HTTP/1.1" "GET" "http"://"localhost:5075""""/swagger/index.html""" - null null (d509f86a)
2024-05-07T16:50:49.4365096-03:00 0HN3EPRV3BRM1:00000001 [INF] Request finished "HTTP/1.1" "GET" "http"://"localhost:5075""""/swagger/index.html""" - 200 null "text/html;charset=utf-8" 460.0628ms (74253ad3)
2024-05-07T16:50:49.4487651-03:00 0HN3EPRV3BRM1:00000002 [INF] Request starting "HTTP/1.1" "GET" "http"://"localhost:5075""""/_framework/aspnetcore-browser-refresh.js""" - null null (d509f86a)
2024-05-07T16:50:49.4529208-03:00 0HN3EPRV3BRM1:00000002 [INF] Request finished "HTTP/1.1" "GET" "http"://"localhost:5075""""/_framework/aspnetcore-browser-refresh.js""" - 200 13752 "application/javascript; charset=utf-8" 4.0562ms (74253ad3)
2024-05-07T16:50:49.4776875-03:00 0HN3EPRV3BRM1:00000003 [INF] Request starting "HTTP/1.1" "GET" "http"://"localhost:5075""""/_vs/browserLink""" - null null (d509f86a)
2024-05-07T16:50:49.5658869-03:00 0HN3EPRV3BRM1:00000003 [INF] Request finished "HTTP/1.1" "GET" "http"://"localhost:5075""""/_vs/browserLink""" - 200 null "text/javascript; charset=UTF-8" 88.2755ms (74253ad3)
2024-05-07T16:50:49.6667948-03:00 0HN3EPRV3BRM1:00000004 [INF] Request starting "HTTP/1.1" "GET" "http"://"localhost:5075""""/swagger/v1/swagger.json""" - null null (d509f86a)
2024-05-07T16:50:49.8048266-03:00 0HN3EPRV3BRM1:00000004 [INF] Request finished "HTTP/1.1" "GET" "http"://"localhost:5075""""/swagger/v1/swagger.json""" - 200 null "application/json;charset=utf-8" 138.0697ms (74253ad3)
2024-05-07T16:51:18.0134011-03:00 0HN3EPRV3BRM3:00000001 [INF] Request starting "HTTP/1.1" "POST" "http"://"localhost:5075""""/api/Enderecos""" - "application/json" 191 (d509f86a)
2024-05-07T16:51:18.0324567-03:00 0HN3EPRV3BRM3:00000001 [INF] Executing endpoint '"ApiWebDB.Controllers.EnderecosController.Insert (ApiWebDB)"' (500cc934)
2024-05-07T16:51:18.1007611-03:00 0HN3EPRV3BRM3:00000001 [INF] Route matched with "{action = \"Insert\", controller = \"Enderecos\"}". Executing controller action with signature "Microsoft.AspNetCore.Mvc.ActionResult`1[APIWebDB.BaseDados.Models.TbEndereco] Insert(ApiWebDB.Services.DTOs.EnderecoDTO)" on controller "ApiWebDB.Controllers.EnderecosController" ("ApiWebDB"). (122b2fdf)
2024-05-07T16:51:18.1212465-03:00 0HN3EPRV3BRM3:00000001 [INF] Executed action "ApiWebDB.Controllers.EnderecosController.Insert (ApiWebDB)" in 10.1382ms (afa2e885)
2024-05-07T16:51:18.1232763-03:00 0HN3EPRV3BRM3:00000001 [INF] Executed endpoint '"ApiWebDB.Controllers.EnderecosController.Insert (ApiWebDB)"' (99874f2b)
2024-05-07T16:51:18.2738087-03:00 0HN3EPRV3BRM3:00000001 [ERR] An unhandled exception has occurred while executing the request. (48a46595)
System.InvalidOperationException: Unable to resolve service for type 'ApiWebDB.Services.EnderecoService' while attempting to activate 'ApiWebDB.Controllers.EnderecosController'.
   at Microsoft.Extensions.DependencyInjection.ActivatorUtilities.ThrowHelperUnableToResolveService(Type type, Type requiredBy)
   at lambda_method3(Closure, IServiceProvider, Object[])
   at Microsoft.AspNetCore.Mvc.Controllers.ControllerFactoryProvider.<>c__DisplayClass6_0.<CreateControllerFactory>g__CreateController|0(ControllerContext controllerContext)
   at Microsoft.AspNetCore.Mvc.Infrastructure.ControllerActionInvoker.Next(State& next, Scope& scope, Object& state, Boolean& isCompleted)
   at Microsoft.AspNetCore.Mvc.Infrastructure.ControllerActionInvoker.InvokeInnerFilterAsync()
--- End of stack trace from previous location ---
   at Microsoft.AspNetCore.Mvc.Infrastructure.ResourceInvoker.<InvokeFilterPipelineAsync>g__Awaited|20_0(ResourceInvoker invoker, Task lastTask, State next, Scope scope, Object state, Boolean isCompleted)
   at Microsoft.AspNetCore.Mvc.Infrastructure.ResourceInvoker.<InvokeAsync>g__Logged|17_1(ResourceInvoker invoker)
   at Microsoft.AspNetCore.Mvc.Infrastructure.ResourceInvoker.<InvokeAsync>g__Logged|17_1(ResourceInvoker invoker)
   at Microsoft.AspNetCore.Routing.EndpointMiddleware.<Invoke>g__AwaitRequestTask|7_0(Endpoint endpoint, Task requestTask, ILogger logger)
   at Microsoft.AspNetCore.Authorization.AuthorizationMiddleware.Invoke(HttpContext context)
   at Swashbuckle.AspNetCore.SwaggerUI.SwaggerUIMiddleware.Invoke(HttpContext httpContext)
   at Swashbuckle.AspNetCore.Swagger.SwaggerMiddleware.Invoke(HttpContext httpContext, ISwaggerProvider swaggerProvider)
   at Microsoft.AspNetCore.Authentication.AuthenticationMiddleware.Invoke(HttpContext context)
   at Microsoft.AspNetCore.Diagnostics.DeveloperExceptionPageMiddlewareImpl.Invoke(HttpContext context)
2024-05-07T16:51:18.2805312-03:00 0HN3EPRV3BRM3:00000001 [INF] Request finished "HTTP/1.1" "POST" "http"://"localhost:5075""""/api/Enderecos""" - 500 null "text/plain; charset=utf-8" 267.3101ms (74253ad3)
2024-05-07T16:55:57.3613847-03:00  [INF] Now listening on: "http://localhost:5075" (d826f4b8)
2024-05-07T16:55:57.5011696-03:00  [INF] Application started. Press Ctrl+C to shut down. (dcaefe54)
2024-05-07T16:55:57.5057401-03:00  [INF] Hosting environment: "Development" (bc5a1a4e)
2024-05-07T16:55:57.5083746-03:00  [INF] Content root path: "C:\Users\USER\source\repos\T2\ApiWebDB" (cc26f24e)
2024-05-07T16:55:58.1588021-03:00 0HN3EPUR4ENUJ:00000001 [INF] Request starting "HTTP/1.1" "GET" "http"://"localhost:5075""""/swagger/index.html""" - null null (d509f86a)
2024-05-07T16:55:58.5008726-03:00 0HN3EPUR4ENUJ:00000001 [INF] Request finished "HTTP/1.1" "GET" "http"://"localhost:5075""""/swagger/index.html""" - 200 null "text/html;charset=utf-8" 350.1073ms (74253ad3)
2024-05-07T16:55:58.5492129-03:00 0HN3EPUR4ENUJ:00000002 [INF] Request starting "HTTP/1.1" "GET" "http"://"localhost:5075""""/_framework/aspnetcore-browser-refresh.js""" - null null (d509f86a)
2024-05-07T16:55:58.5492556-03:00 0HN3EPUR4ENUI:00000001 [INF] Request starting "HTTP/1.1" "GET" "http"://"localhost:5075""""/_vs/browserLink""" - null null (d509f86a)
2024-05-07T16:55:58.5519958-03:00 0HN3EPUR4ENUJ:00000002 [INF] Request finished "HTTP/1.1" "GET" "http"://"localhost:5075""""/_framework/aspnetcore-browser-refresh.js""" - 200 13752 "application/javascript; charset=utf-8" 2.7453ms (74253ad3)
2024-05-07T16:55:58.6010830-03:00 0HN3EPUR4ENUI:00000001 [INF] Request finished "HTTP/1.1" "GET" "http"://"localhost:5075""""/_vs/browserLink""" - 200 null "text/javascript; charset=UTF-8" 51.5108ms (74253ad3)
2024-05-07T16:55:58.7609562-03:00 0HN3EPUR4ENUI:00000002 [INF] Request starting "HTTP/1.1" "GET" "http"://"localhost:5075""""/swagger/v1/swagger.json""" - null null (d509f86a)
2024-05-07T16:55:58.9219108-03:00 0HN3EPUR4ENUI:00000002 [INF] Request finished "HTTP/1.1" "GET" "http"://"localhost:5075""""/swagger/v1/swagger.json""" - 200 null "application/json;charset=utf-8" 161.3187ms (74253ad3)
2024-05-07T16:56:15.0041041-03:00 0HN3EPUR4ENUK:00000001 [INF] Request starting "HTTP/1.1" "POST" "http"://"localhost:5075""""/api/Enderecos""" - "application/json" 191 (d509f86a)
2024-05-07T16:56:15.0229188-03:00 0HN3EPUR4ENUK:00000001 [INF] Executing endpoint '"ApiWebDB.Controllers.EnderecosController.Insert (ApiWebDB)"' (500cc934)
2024-05-07T16:56:15.0926264-03:00 0HN3EPUR4ENUK:00000001 [INF] Route matched with "{action = \"Insert\", controller = \"Enderecos\"}". Executing controller action with signature "Microsoft.AspNetCore.Mvc.ActionResult`1[APIWebDB.BaseDados.Models.TbEndereco] Insert(ApiWebDB.Services.DTOs.EnderecoDTO)" on controller "ApiWebDB.Controllers.EnderecosController" ("ApiWebDB"). (122b2fdf)
2024-05-07T16:56:15.1119856-03:00 0HN3EPUR4ENUK:00000001 [INF] Executed action "ApiWebDB.Controllers.EnderecosController.Insert (ApiWebDB)" in 9.3221ms (afa2e885)
2024-05-07T16:56:15.1148676-03:00 0HN3EPUR4ENUK:00000001 [INF] Executed endpoint '"ApiWebDB.Controllers.EnderecosController.Insert (ApiWebDB)"' (99874f2b)
2024-05-07T16:56:15.2750675-03:00 0HN3EPUR4ENUK:00000001 [ERR] An unhandled exception has occurred while executing the request. (48a46595)
System.InvalidOperationException: Unable to resolve service for type 'ApiWebDB.Services.EnderecoService' while attempting to activate 'ApiWebDB.Controllers.EnderecosController'.
   at Microsoft.Extensions.DependencyInjection.ActivatorUtilities.ThrowHelperUnableToResolveService(Type type, Type requiredBy)
   at lambda_method3(Closure, IServiceProvider, Object[])
   at Microsoft.AspNetCore.Mvc.Controllers.ControllerFactoryProvider.<>c__DisplayClass6_0.<CreateControllerFactory>g__CreateController|0(ControllerContext controllerContext)
   at Microsoft.AspNetCore.Mvc.Infrastructure.ControllerActionInvoker.Next(State& next, Scope& scope, Object& state, Boolean& isCompleted)
   at Microsoft.AspNetCore.Mvc.Infrastructure.ControllerActionInvoker.InvokeInnerFilterAsync()
--- End of stack trace from previous location ---
   at Microsoft.AspNetCore.Mvc.Infrastructure.ResourceInvoker.<InvokeFilterPipelineAsync>g__Awaited|20_0(ResourceInvoker invoker, Task lastTask, State next, Scope scope, Object state, Boolean isCompleted)
   at Microsoft.AspNetCore.Mvc.Infrastructure.ResourceInvoker.<InvokeAsync>g__Logged|17_1(ResourceInvoker invoker)
   at Microsoft.AspNetCore.Mvc.Infrastructure.ResourceInvoker.<InvokeAsync>g__Logged|17_1(ResourceInvoker invoker)
   at Microsoft.AspNetCore.Routing.EndpointMiddleware.<Invoke>g__AwaitRequestTask|7_0(Endpoint endpoint, Task requestTask, ILogger logger)
   at Microsoft.AspNetCore.Authorization.AuthorizationMiddleware.Invoke(HttpContext context)
   at Swashbuckle.AspNetCore.SwaggerUI.SwaggerUIMiddleware.Invoke(HttpContext httpContext)
   at Swashbuckle.AspNetCore.Swagger.SwaggerMiddleware.Invoke(HttpContext httpContext, ISwaggerProvider swaggerProvider)
   at Microsoft.AspNetCore.Authentication.AuthenticationMiddleware.Invoke(HttpContext context)
   at Microsoft.AspNetCore.Diagnostics.DeveloperExceptionPageMiddlewareImpl.Invoke(HttpContext context)
2024-05-07T16:56:15.2836854-03:00 0HN3EPUR4ENUK:00000001 [INF] Request finished "HTTP/1.1" "POST" "http"://"localhost:5075""""/api/Enderecos""" - 500 null "text/plain; charset=utf-8" 279.532ms (74253ad3)
2024-05-07T16:56:28.2598969-03:00 0HN3EPUR4ENUL:00000001 [INF] Request starting "HTTP/1.1" "POST" "http"://"localhost:5075""""/api/Enderecos""" - "application/json" 187 (d509f86a)
2024-05-07T16:56:28.2622623-03:00 0HN3EPUR4ENUL:00000001 [INF] Executing endpoint '"ApiWebDB.Controllers.EnderecosController.Insert (ApiWebDB)"' (500cc934)
2024-05-07T16:56:28.2627909-03:00 0HN3EPUR4ENUL:00000001 [INF] Route matched with "{action = \"Insert\", controller = \"Enderecos\"}". Executing controller action with signature "Microsoft.AspNetCore.Mvc.ActionResult`1[APIWebDB.BaseDados.Models.TbEndereco] Insert(ApiWebDB.Services.DTOs.EnderecoDTO)" on controller "ApiWebDB.Controllers.EnderecosController" ("ApiWebDB"). (122b2fdf)
2024-05-07T16:56:28.2643796-03:00 0HN3EPUR4ENUL:00000001 [INF] Executed action "ApiWebDB.Controllers.EnderecosController.Insert (ApiWebDB)" in 1.3041ms (afa2e885)
2024-05-07T16:56:28.2651745-03:00 0HN3EPUR4ENUL:00000001 [INF] Executed endpoint '"ApiWebDB.Controllers.EnderecosController.Insert (ApiWebDB)"' (99874f2b)
2024-05-07T16:56:28.2770331-03:00 0HN3EPUR4ENUL:00000001 [ERR] An unhandled exception has occurred while executing the request. (48a46595)
System.InvalidOperationException: Unable to resolve service for type 'ApiWebDB.Services.EnderecoService' while attempting to activate 'ApiWebDB.Controllers.EnderecosController'.
   at Microsoft.Extensions.DependencyInjection.ActivatorUtilities.ThrowHelperUnableToResolveService(Type type, Type requiredBy)
   at lambda_method3(Closure, IServiceProvider, Object[])
   at Microsoft.AspNetCore.Mvc.Controllers.ControllerFactoryProvider.<>c__DisplayClass6_0.<CreateControllerFactory>g__CreateController|0(ControllerContext controllerContext)
   at Microsoft.AspNetCore.Mvc.Infrastructure.ControllerActionInvoker.Next(State& next, Scope& scope, Object& state, Boolean& isCompleted)
   at Microsoft.AspNetCore.Mvc.Infrastructure.ControllerActionInvoker.InvokeInnerFilterAsync()
--- End of stack trace from previous location ---
   at Microsoft.AspNetCore.Mvc.Infrastructure.ResourceInvoker.<InvokeFilterPipelineAsync>g__Awaited|20_0(ResourceInvoker invoker, Task lastTask, State next, Scope scope, Object state, Boolean isCompleted)
   at Microsoft.AspNetCore.Mvc.Infrastructure.ResourceInvoker.<InvokeAsync>g__Logged|17_1(ResourceInvoker invoker)
   at Microsoft.AspNetCore.Mvc.Infrastructure.ResourceInvoker.<InvokeAsync>g__Logged|17_1(ResourceInvoker invoker)
   at Microsoft.AspNetCore.Routing.EndpointMiddleware.<Invoke>g__AwaitRequestTask|7_0(Endpoint endpoint, Task requestTask, ILogger logger)
   at Microsoft.AspNetCore.Authorization.AuthorizationMiddleware.Invoke(HttpContext context)
   at Swashbuckle.AspNetCore.SwaggerUI.SwaggerUIMiddleware.Invoke(HttpContext httpContext)
   at Swashbuckle.AspNetCore.Swagger.SwaggerMiddleware.Invoke(HttpContext httpContext, ISwaggerProvider swaggerProvider)
   at Microsoft.AspNetCore.Authentication.AuthenticationMiddleware.Invoke(HttpContext context)
   at Microsoft.AspNetCore.Diagnostics.DeveloperExceptionPageMiddlewareImpl.Invoke(HttpContext context)
2024-05-07T16:56:28.2788268-03:00 0HN3EPUR4ENUL:00000001 [INF] Request finished "HTTP/1.1" "POST" "http"://"localhost:5075""""/api/Enderecos""" - 500 null "text/plain; charset=utf-8" 19.1029ms (74253ad3)
2024-05-07T16:56:50.8836705-03:00 0HN3EPUR4ENUM:00000001 [INF] Request starting "HTTP/1.1" "POST" "http"://"localhost:5075""""/api/Enderecos""" - "application/json" 179 (d509f86a)
2024-05-07T16:56:50.8842299-03:00 0HN3EPUR4ENUM:00000001 [INF] Executing endpoint '"ApiWebDB.Controllers.EnderecosController.Insert (ApiWebDB)"' (500cc934)
2024-05-07T16:56:50.8845156-03:00 0HN3EPUR4ENUM:00000001 [INF] Route matched with "{action = \"Insert\", controller = \"Enderecos\"}". Executing controller action with signature "Microsoft.AspNetCore.Mvc.ActionResult`1[APIWebDB.BaseDados.Models.TbEndereco] Insert(ApiWebDB.Services.DTOs.EnderecoDTO)" on controller "ApiWebDB.Controllers.EnderecosController" ("ApiWebDB"). (122b2fdf)
2024-05-07T16:56:50.8863099-03:00 0HN3EPUR4ENUM:00000001 [INF] Executed action "ApiWebDB.Controllers.EnderecosController.Insert (ApiWebDB)" in 1.4932ms (afa2e885)
2024-05-07T16:56:50.8875196-03:00 0HN3EPUR4ENUM:00000001 [INF] Executed endpoint '"ApiWebDB.Controllers.EnderecosController.Insert (ApiWebDB)"' (99874f2b)
2024-05-07T16:56:50.8975114-03:00 0HN3EPUR4ENUM:00000001 [ERR] An unhandled exception has occurred while executing the request. (48a46595)
System.InvalidOperationException: Unable to resolve service for type 'ApiWebDB.Services.EnderecoService' while attempting to activate 'ApiWebDB.Controllers.EnderecosController'.
   at Microsoft.Extensions.DependencyInjection.ActivatorUtilities.ThrowHelperUnableToResolveService(Type type, Type requiredBy)
   at lambda_method3(Closure, IServiceProvider, Object[])
   at Microsoft.AspNetCore.Mvc.Controllers.ControllerFactoryProvider.<>c__DisplayClass6_0.<CreateControllerFactory>g__CreateController|0(ControllerContext controllerContext)
   at Microsoft.AspNetCore.Mvc.Infrastructure.ControllerActionInvoker.Next(State& next, Scope& scope, Object& state, Boolean& isCompleted)
   at Microsoft.AspNetCore.Mvc.Infrastructure.ControllerActionInvoker.InvokeInnerFilterAsync()
--- End of stack trace from previous location ---
   at Microsoft.AspNetCore.Mvc.Infrastructure.ResourceInvoker.<InvokeFilterPipelineAsync>g__Awaited|20_0(ResourceInvoker invoker, Task lastTask, State next, Scope scope, Object state, Boolean isCompleted)
   at Microsoft.AspNetCore.Mvc.Infrastructure.ResourceInvoker.<InvokeAsync>g__Logged|17_1(ResourceInvoker invoker)
   at Microsoft.AspNetCore.Mvc.Infrastructure.ResourceInvoker.<InvokeAsync>g__Logged|17_1(ResourceInvoker invoker)
   at Microsoft.AspNetCore.Routing.EndpointMiddleware.<Invoke>g__AwaitRequestTask|7_0(Endpoint endpoint, Task requestTask, ILogger logger)
   at Microsoft.AspNetCore.Authorization.AuthorizationMiddleware.Invoke(HttpContext context)
   at Swashbuckle.AspNetCore.SwaggerUI.SwaggerUIMiddleware.Invoke(HttpContext httpContext)
   at Swashbuckle.AspNetCore.Swagger.SwaggerMiddleware.Invoke(HttpContext httpContext, ISwaggerProvider swaggerProvider)
   at Microsoft.AspNetCore.Authentication.AuthenticationMiddleware.Invoke(HttpContext context)
   at Microsoft.AspNetCore.Diagnostics.DeveloperExceptionPageMiddlewareImpl.Invoke(HttpContext context)
2024-05-07T16:56:50.8993115-03:00 0HN3EPUR4ENUM:00000001 [INF] Request finished "HTTP/1.1" "POST" "http"://"localhost:5075""""/api/Enderecos""" - 500 null "text/plain; charset=utf-8" 15.616ms (74253ad3)
