2024-05-06T13:49:28.7437741-03:00  [INF] Now listening on: "http://localhost:5075" (d826f4b8)
2024-05-06T13:49:29.0907539-03:00  [INF] Application started. Press Ctrl+C to shut down. (dcaefe54)
2024-05-06T13:49:29.1076994-03:00  [INF] Hosting environment: "Development" (bc5a1a4e)
2024-05-06T13:49:29.1105568-03:00  [INF] Content root path: "C:\Users\USER\source\repos\T2\ApiWebDB" (cc26f24e)
2024-05-06T13:49:29.1231027-03:00 0HN3DTHVCQJOI:00000001 [INF] Request starting "HTTP/1.1" "GET" "http"://"localhost:5075""""/swagger/index.html""" - null null (d509f86a)
2024-05-06T13:49:29.7277075-03:00 0HN3DTHVCQJOI:00000001 [INF] Request finished "HTTP/1.1" "GET" "http"://"localhost:5075""""/swagger/index.html""" - 200 null "text/html;charset=utf-8" 622.0345ms (74253ad3)
2024-05-06T13:49:29.7940363-03:00 0HN3DTHVCQJOJ:00000001 [INF] Request starting "HTTP/1.1" "GET" "http"://"localhost:5075""""/_vs/browserLink""" - null null (d509f86a)
2024-05-06T13:49:29.7940363-03:00 0HN3DTHVCQJOI:00000002 [INF] Request starting "HTTP/1.1" "GET" "http"://"localhost:5075""""/_framework/aspnetcore-browser-refresh.js""" - null null (d509f86a)
2024-05-06T13:49:29.7976087-03:00 0HN3DTHVCQJOI:00000002 [INF] Request finished "HTTP/1.1" "GET" "http"://"localhost:5075""""/_framework/aspnetcore-browser-refresh.js""" - 200 13752 "application/javascript; charset=utf-8" 3.5203ms (74253ad3)
2024-05-06T13:49:29.8584980-03:00 0HN3DTHVCQJOJ:00000001 [INF] Request finished "HTTP/1.1" "GET" "http"://"localhost:5075""""/_vs/browserLink""" - 200 null "text/javascript; charset=UTF-8" 64.6313ms (74253ad3)
2024-05-06T13:49:29.9865060-03:00 0HN3DTHVCQJOJ:00000002 [INF] Request starting "HTTP/1.1" "GET" "http"://"localhost:5075""""/swagger/v1/swagger.json""" - null null (d509f86a)
2024-05-06T13:49:30.0299823-03:00 0HN3DTHVCQJOI:00000003 [INF] Request starting "HTTP/1.1" "GET" "http"://"localhost:5075""""/swagger/favicon-32x32.png""" - null null (d509f86a)
2024-05-06T13:49:30.0553725-03:00 0HN3DTHVCQJOI:00000003 [INF] Sending file. Request path: '"/favicon-32x32.png"'. Physical path: '"N/A"' (27b0a520)
2024-05-06T13:49:30.0560498-03:00 0HN3DTHVCQJOI:00000003 [INF] Request finished "HTTP/1.1" "GET" "http"://"localhost:5075""""/swagger/favicon-32x32.png""" - 200 628 "image/png" 26.7847ms (74253ad3)
2024-05-06T13:49:30.2145488-03:00 0HN3DTHVCQJOJ:00000002 [INF] Request finished "HTTP/1.1" "GET" "http"://"localhost:5075""""/swagger/v1/swagger.json""" - 200 null "application/json;charset=utf-8" 228.0906ms (74253ad3)
2024-05-06T13:50:38.9924623-03:00 0HN3DTHVCQJOK:00000001 [INF] Request starting "HTTP/1.1" "POST" "http"://"localhost:5075""""/api/Endereco""" - "application/json" 202 (d509f86a)
2024-05-06T13:50:39.0078295-03:00 0HN3DTHVCQJOK:00000001 [INF] Executing endpoint '"ApiWebDB.Controllers.EnderecoController.Insert (ApiWebDB)"' (500cc934)
2024-05-06T13:50:39.0723428-03:00 0HN3DTHVCQJOK:00000001 [INF] Route matched with "{action = \"Insert\", controller = \"Endereco\"}". Executing controller action with signature "Microsoft.AspNetCore.Mvc.ActionResult`1[ApiWebDB.BaseDados.Models.TbEndereco] Insert(APIWebDB.Services.DTOs.EnderecoDTO)" on controller "ApiWebDB.Controllers.EnderecoController" ("ApiWebDB"). (122b2fdf)
2024-05-06T13:50:39.0900673-03:00 0HN3DTHVCQJOK:00000001 [INF] Executed action "ApiWebDB.Controllers.EnderecoController.Insert (ApiWebDB)" in 9.5921ms (afa2e885)
2024-05-06T13:50:39.0927139-03:00 0HN3DTHVCQJOK:00000001 [INF] Executed endpoint '"ApiWebDB.Controllers.EnderecoController.Insert (ApiWebDB)"' (99874f2b)
2024-05-06T13:50:39.5317188-03:00 0HN3DTHVCQJOK:00000001 [ERR] An unhandled exception has occurred while executing the request. (48a46595)
System.InvalidOperationException: Unable to resolve service for type 'ApiWebDB.Services.EnderecoService' while attempting to activate 'ApiWebDB.Controllers.EnderecoController'.
   at Microsoft.Extensions.DependencyInjection.ActivatorUtilities.ThrowHelperUnableToResolveService(Type type, Type requiredBy)
   at lambda_method3(Closure, IServiceProvider, Object[])
   at Microsoft.AspNetCore.Mvc.Controllers.ControllerFactoryProvider.<>c__DisplayClass6_0.<CreateControllerFactory>g__CreateController|0(ControllerContext controllerContext)
   at Microsoft.AspNetCore.Mvc.Infrastructure.ControllerActionInvoker.Next(State& next, Scope& scope, Object& state, Boolean& isCompleted)
   at Microsoft.AspNetCore.Mvc.Infrastructure.ControllerActionInvoker.InvokeInnerFilterAsync()
--- End of stack trace from previous location ---
   at Microsoft.AspNetCore.Mvc.Infrastructure.ResourceInvoker.<InvokeFilterPipelineAsync>g__Awaited|20_0(ResourceInvoker invoker, Task lastTask, State next, Scope scope, Object state, Boolean isCompleted)
   at Microsoft.AspNetCore.Mvc.Infrastructure.ResourceInvoker.<InvokeAsync>g__Logged|17_1(ResourceInvoker invoker)
   at Microsoft.AspNetCore.Mvc.Infrastructure.ResourceInvoker.<InvokeAsync>g__Logged|17_1(ResourceInvoker invoker)
   at Microsoft.AspNetCore.Routing.EndpointMiddleware.<Invoke>g__AwaitRequestTask|7_0(Endpoint endpoint, Task requestTask, ILogger logger)
   at Microsoft.AspNetCore.Authorization.AuthorizationMiddleware.Invoke(HttpContext context)
   at Swashbuckle.AspNetCore.SwaggerUI.SwaggerUIMiddleware.Invoke(HttpContext httpContext)
   at Swashbuckle.AspNetCore.Swagger.SwaggerMiddleware.Invoke(HttpContext httpContext, ISwaggerProvider swaggerProvider)
   at Microsoft.AspNetCore.Authentication.AuthenticationMiddleware.Invoke(HttpContext context)
   at Microsoft.AspNetCore.Diagnostics.DeveloperExceptionPageMiddlewareImpl.Invoke(HttpContext context)
2024-05-06T13:50:39.5394047-03:00 0HN3DTHVCQJOK:00000001 [INF] Request finished "HTTP/1.1" "POST" "http"://"localhost:5075""""/api/Endereco""" - 500 null "text/plain; charset=utf-8" 547.5043ms (74253ad3)
2024-05-06T13:55:10.0790563-03:00 0HN3DTHVCQJOL:00000001 [INF] Request starting "HTTP/1.1" "POST" "http"://"localhost:5075""""/api/Endereco""" - "application/json" 198 (d509f86a)
2024-05-06T13:55:10.0836920-03:00 0HN3DTHVCQJOL:00000001 [INF] Executing endpoint '"ApiWebDB.Controllers.EnderecoController.Insert (ApiWebDB)"' (500cc934)
2024-05-06T13:55:10.0844235-03:00 0HN3DTHVCQJOL:00000001 [INF] Route matched with "{action = \"Insert\", controller = \"Endereco\"}". Executing controller action with signature "Microsoft.AspNetCore.Mvc.ActionResult`1[ApiWebDB.BaseDados.Models.TbEndereco] Insert(APIWebDB.Services.DTOs.EnderecoDTO)" on controller "ApiWebDB.Controllers.EnderecoController" ("ApiWebDB"). (122b2fdf)
2024-05-06T13:55:10.0859942-03:00 0HN3DTHVCQJOL:00000001 [INF] Executed action "ApiWebDB.Controllers.EnderecoController.Insert (ApiWebDB)" in 1.2379ms (afa2e885)
2024-05-06T13:55:10.0867385-03:00 0HN3DTHVCQJOL:00000001 [INF] Executed endpoint '"ApiWebDB.Controllers.EnderecoController.Insert (ApiWebDB)"' (99874f2b)
2024-05-06T13:55:10.0998571-03:00 0HN3DTHVCQJOL:00000001 [ERR] An unhandled exception has occurred while executing the request. (48a46595)
System.InvalidOperationException: Unable to resolve service for type 'ApiWebDB.Services.EnderecoService' while attempting to activate 'ApiWebDB.Controllers.EnderecoController'.
   at Microsoft.Extensions.DependencyInjection.ActivatorUtilities.ThrowHelperUnableToResolveService(Type type, Type requiredBy)
   at lambda_method3(Closure, IServiceProvider, Object[])
   at Microsoft.AspNetCore.Mvc.Controllers.ControllerFactoryProvider.<>c__DisplayClass6_0.<CreateControllerFactory>g__CreateController|0(ControllerContext controllerContext)
   at Microsoft.AspNetCore.Mvc.Infrastructure.ControllerActionInvoker.Next(State& next, Scope& scope, Object& state, Boolean& isCompleted)
   at Microsoft.AspNetCore.Mvc.Infrastructure.ControllerActionInvoker.InvokeInnerFilterAsync()
--- End of stack trace from previous location ---
   at Microsoft.AspNetCore.Mvc.Infrastructure.ResourceInvoker.<InvokeFilterPipelineAsync>g__Awaited|20_0(ResourceInvoker invoker, Task lastTask, State next, Scope scope, Object state, Boolean isCompleted)
   at Microsoft.AspNetCore.Mvc.Infrastructure.ResourceInvoker.<InvokeAsync>g__Logged|17_1(ResourceInvoker invoker)
   at Microsoft.AspNetCore.Mvc.Infrastructure.ResourceInvoker.<InvokeAsync>g__Logged|17_1(ResourceInvoker invoker)
   at Microsoft.AspNetCore.Routing.EndpointMiddleware.<Invoke>g__AwaitRequestTask|7_0(Endpoint endpoint, Task requestTask, ILogger logger)
   at Microsoft.AspNetCore.Authorization.AuthorizationMiddleware.Invoke(HttpContext context)
   at Swashbuckle.AspNetCore.SwaggerUI.SwaggerUIMiddleware.Invoke(HttpContext httpContext)
   at Swashbuckle.AspNetCore.Swagger.SwaggerMiddleware.Invoke(HttpContext httpContext, ISwaggerProvider swaggerProvider)
   at Microsoft.AspNetCore.Authentication.AuthenticationMiddleware.Invoke(HttpContext context)
   at Microsoft.AspNetCore.Diagnostics.DeveloperExceptionPageMiddlewareImpl.Invoke(HttpContext context)
2024-05-06T13:55:10.1013988-03:00 0HN3DTHVCQJOL:00000001 [INF] Request finished "HTTP/1.1" "POST" "http"://"localhost:5075""""/api/Endereco""" - 500 null "text/plain; charset=utf-8" 22.7173ms (74253ad3)
2024-05-06T13:55:32.0740290-03:00 0HN3DTHVCQJOM:00000001 [INF] Request starting "HTTP/1.1" "GET" "http"://"localhost:5075""""/api/Clientes""" - null null (d509f86a)
2024-05-06T13:55:32.0747186-03:00 0HN3DTHVCQJOM:00000001 [INF] Executing endpoint '"ApiWebDB.Controllers.ClientesController.Get (ApiWebDB)"' (500cc934)
2024-05-06T13:55:32.0819440-03:00 0HN3DTHVCQJOM:00000001 [INF] Route matched with "{action = \"Get\", controller = \"Clientes\"}". Executing controller action with signature "Microsoft.AspNetCore.Mvc.ActionResult`1[ApiWebDB.BaseDados.Models.TbCliente] Get()" on controller "ApiWebDB.Controllers.ClientesController" ("ApiWebDB"). (122b2fdf)
2024-05-06T13:55:36.3267096-03:00 0HN3DTHVCQJOM:00000001 [INF] Executed DbCommand ("47"ms) [Parameters=[""], CommandType='Text', CommandTimeout='30']"
""SELECT t.id, t.alteradoem, t.criadoem, t.documento, t.nascimento, t.nome, t.telefone, t.tipodoc
FROM tb_clientes AS t" (0723d8ff)
2024-05-06T13:55:36.5771398-03:00 0HN3DTHVCQJOM:00000001 [INF] Executing "OkObjectResult", writing value of type '"System.Collections.Generic.List`1[[ApiWebDB.BaseDados.Models.TbCliente, ApiWebDB, Version=1.0.0.0, Culture=neutral, PublicKeyToken=null]]"'. (605b4265)
2024-05-06T13:55:36.6204244-03:00 0HN3DTHVCQJOM:00000001 [INF] Executed action "ApiWebDB.Controllers.ClientesController.Get (ApiWebDB)" in 4538.0947ms (afa2e885)
2024-05-06T13:55:36.6210289-03:00 0HN3DTHVCQJOM:00000001 [INF] Executed endpoint '"ApiWebDB.Controllers.ClientesController.Get (ApiWebDB)"' (99874f2b)
2024-05-06T13:55:36.6402797-03:00 0HN3DTHVCQJOM:00000001 [INF] Request finished "HTTP/1.1" "GET" "http"://"localhost:5075""""/api/Clientes""" - 200 null "application/json; charset=utf-8" 4566.4055ms (74253ad3)
2024-05-06T13:56:06.1264583-03:00 0HN3DTHVCQJON:00000001 [INF] Request starting "HTTP/1.1" "POST" "http"://"localhost:5075""""/api/Endereco""" - "application/json" 198 (d509f86a)
2024-05-06T13:56:06.1271733-03:00 0HN3DTHVCQJON:00000001 [INF] Executing endpoint '"ApiWebDB.Controllers.EnderecoController.Insert (ApiWebDB)"' (500cc934)
2024-05-06T13:56:06.1275655-03:00 0HN3DTHVCQJON:00000001 [INF] Route matched with "{action = \"Insert\", controller = \"Endereco\"}". Executing controller action with signature "Microsoft.AspNetCore.Mvc.ActionResult`1[ApiWebDB.BaseDados.Models.TbEndereco] Insert(APIWebDB.Services.DTOs.EnderecoDTO)" on controller "ApiWebDB.Controllers.EnderecoController" ("ApiWebDB"). (122b2fdf)
2024-05-06T13:56:06.1292475-03:00 0HN3DTHVCQJON:00000001 [INF] Executed action "ApiWebDB.Controllers.EnderecoController.Insert (ApiWebDB)" in 1.2881ms (afa2e885)
2024-05-06T13:56:06.1307950-03:00 0HN3DTHVCQJON:00000001 [INF] Executed endpoint '"ApiWebDB.Controllers.EnderecoController.Insert (ApiWebDB)"' (99874f2b)
2024-05-06T13:56:06.1417912-03:00 0HN3DTHVCQJON:00000001 [ERR] An unhandled exception has occurred while executing the request. (48a46595)
System.InvalidOperationException: Unable to resolve service for type 'ApiWebDB.Services.EnderecoService' while attempting to activate 'ApiWebDB.Controllers.EnderecoController'.
   at Microsoft.Extensions.DependencyInjection.ActivatorUtilities.ThrowHelperUnableToResolveService(Type type, Type requiredBy)
   at lambda_method3(Closure, IServiceProvider, Object[])
   at Microsoft.AspNetCore.Mvc.Controllers.ControllerFactoryProvider.<>c__DisplayClass6_0.<CreateControllerFactory>g__CreateController|0(ControllerContext controllerContext)
   at Microsoft.AspNetCore.Mvc.Infrastructure.ControllerActionInvoker.Next(State& next, Scope& scope, Object& state, Boolean& isCompleted)
   at Microsoft.AspNetCore.Mvc.Infrastructure.ControllerActionInvoker.InvokeInnerFilterAsync()
--- End of stack trace from previous location ---
   at Microsoft.AspNetCore.Mvc.Infrastructure.ResourceInvoker.<InvokeFilterPipelineAsync>g__Awaited|20_0(ResourceInvoker invoker, Task lastTask, State next, Scope scope, Object state, Boolean isCompleted)
   at Microsoft.AspNetCore.Mvc.Infrastructure.ResourceInvoker.<InvokeAsync>g__Logged|17_1(ResourceInvoker invoker)
   at Microsoft.AspNetCore.Mvc.Infrastructure.ResourceInvoker.<InvokeAsync>g__Logged|17_1(ResourceInvoker invoker)
   at Microsoft.AspNetCore.Routing.EndpointMiddleware.<Invoke>g__AwaitRequestTask|7_0(Endpoint endpoint, Task requestTask, ILogger logger)
   at Microsoft.AspNetCore.Authorization.AuthorizationMiddleware.Invoke(HttpContext context)
   at Swashbuckle.AspNetCore.SwaggerUI.SwaggerUIMiddleware.Invoke(HttpContext httpContext)
   at Swashbuckle.AspNetCore.Swagger.SwaggerMiddleware.Invoke(HttpContext httpContext, ISwaggerProvider swaggerProvider)
   at Microsoft.AspNetCore.Authentication.AuthenticationMiddleware.Invoke(HttpContext context)
   at Microsoft.AspNetCore.Diagnostics.DeveloperExceptionPageMiddlewareImpl.Invoke(HttpContext context)
2024-05-06T13:56:06.1434046-03:00 0HN3DTHVCQJON:00000001 [INF] Request finished "HTTP/1.1" "POST" "http"://"localhost:5075""""/api/Endereco""" - 500 null "text/plain; charset=utf-8" 17.1561ms (74253ad3)
2024-05-06T14:01:55.6265334-03:00 0HN3DTHVCQJOO:00000001 [INF] Request starting "HTTP/1.1" "GET" "http"://"localhost:5075""""/api/Endereco/1""" - null null (d509f86a)
2024-05-06T14:01:55.6307641-03:00 0HN3DTHVCQJOO:00000001 [INF] Executing endpoint '"ApiWebDB.Controllers.EnderecoController.GetEnder (ApiWebDB)"' (500cc934)
2024-05-06T14:01:55.6586470-03:00 0HN3DTHVCQJOO:00000001 [INF] Route matched with "{action = \"GetEnder\", controller = \"Endereco\"}". Executing controller action with signature "Microsoft.AspNetCore.Mvc.ActionResult`1[ApiWebDB.BaseDados.Models.TbEndereco] GetEnder(Int32)" on controller "ApiWebDB.Controllers.EnderecoController" ("ApiWebDB"). (122b2fdf)
2024-05-06T14:01:55.6602580-03:00 0HN3DTHVCQJOO:00000001 [INF] Executed action "ApiWebDB.Controllers.EnderecoController.GetEnder (ApiWebDB)" in 1.4234ms (afa2e885)
2024-05-06T14:01:55.6610955-03:00 0HN3DTHVCQJOO:00000001 [INF] Executed endpoint '"ApiWebDB.Controllers.EnderecoController.GetEnder (ApiWebDB)"' (99874f2b)
2024-05-06T14:01:55.6748700-03:00 0HN3DTHVCQJOO:00000001 [ERR] An unhandled exception has occurred while executing the request. (48a46595)
System.InvalidOperationException: Unable to resolve service for type 'ApiWebDB.Services.EnderecoService' while attempting to activate 'ApiWebDB.Controllers.EnderecoController'.
   at Microsoft.Extensions.DependencyInjection.ActivatorUtilities.ThrowHelperUnableToResolveService(Type type, Type requiredBy)
   at lambda_method63(Closure, IServiceProvider, Object[])
   at Microsoft.AspNetCore.Mvc.Controllers.ControllerFactoryProvider.<>c__DisplayClass6_0.<CreateControllerFactory>g__CreateController|0(ControllerContext controllerContext)
   at Microsoft.AspNetCore.Mvc.Infrastructure.ControllerActionInvoker.Next(State& next, Scope& scope, Object& state, Boolean& isCompleted)
   at Microsoft.AspNetCore.Mvc.Infrastructure.ControllerActionInvoker.InvokeInnerFilterAsync()
--- End of stack trace from previous location ---
   at Microsoft.AspNetCore.Mvc.Infrastructure.ResourceInvoker.<InvokeFilterPipelineAsync>g__Awaited|20_0(ResourceInvoker invoker, Task lastTask, State next, Scope scope, Object state, Boolean isCompleted)
   at Microsoft.AspNetCore.Mvc.Infrastructure.ResourceInvoker.<InvokeAsync>g__Logged|17_1(ResourceInvoker invoker)
   at Microsoft.AspNetCore.Mvc.Infrastructure.ResourceInvoker.<InvokeAsync>g__Logged|17_1(ResourceInvoker invoker)
   at Microsoft.AspNetCore.Routing.EndpointMiddleware.<Invoke>g__AwaitRequestTask|7_0(Endpoint endpoint, Task requestTask, ILogger logger)
   at Microsoft.AspNetCore.Authorization.AuthorizationMiddleware.Invoke(HttpContext context)
   at Swashbuckle.AspNetCore.SwaggerUI.SwaggerUIMiddleware.Invoke(HttpContext httpContext)
   at Swashbuckle.AspNetCore.Swagger.SwaggerMiddleware.Invoke(HttpContext httpContext, ISwaggerProvider swaggerProvider)
   at Microsoft.AspNetCore.Authentication.AuthenticationMiddleware.Invoke(HttpContext context)
   at Microsoft.AspNetCore.Diagnostics.DeveloperExceptionPageMiddlewareImpl.Invoke(HttpContext context)
2024-05-06T14:01:55.6769123-03:00 0HN3DTHVCQJOO:00000001 [INF] Request finished "HTTP/1.1" "GET" "http"://"localhost:5075""""/api/Endereco/1""" - 500 null "text/plain; charset=utf-8" 50.6277ms (74253ad3)
2024-05-06T16:04:29.0784110-03:00  [INF] Now listening on: "http://localhost:5075" (d826f4b8)
2024-05-06T16:04:29.5256286-03:00  [INF] Application started. Press Ctrl+C to shut down. (dcaefe54)
2024-05-06T16:04:29.5282752-03:00  [INF] Hosting environment: "Development" (bc5a1a4e)
2024-05-06T16:04:29.5298569-03:00  [INF] Content root path: "C:\Users\USER\source\repos\T2\ApiWebDB" (cc26f24e)
2024-05-06T16:04:30.1534189-03:00 0HN3DVTDFF7BC:00000001 [INF] Request starting "HTTP/1.1" "GET" "http"://"localhost:5075""""/swagger/index.html""" - null null (d509f86a)
2024-05-06T16:04:30.4720079-03:00 0HN3DVTDFF7BC:00000001 [INF] Request finished "HTTP/1.1" "GET" "http"://"localhost:5075""""/swagger/index.html""" - 200 null "text/html;charset=utf-8" 326.0238ms (74253ad3)
2024-05-06T16:04:30.4985254-03:00 0HN3DVTDFF7BC:00000002 [INF] Request starting "HTTP/1.1" "GET" "http"://"localhost:5075""""/_framework/aspnetcore-browser-refresh.js""" - null null (d509f86a)
2024-05-06T16:04:30.5026394-03:00 0HN3DVTDFF7BC:00000002 [INF] Request finished "HTTP/1.1" "GET" "http"://"localhost:5075""""/_framework/aspnetcore-browser-refresh.js""" - 200 13752 "application/javascript; charset=utf-8" 4.191ms (74253ad3)
2024-05-06T16:04:30.5095070-03:00 0HN3DVTDFF7BC:00000003 [INF] Request starting "HTTP/1.1" "GET" "http"://"localhost:5075""""/_vs/browserLink""" - null null (d509f86a)
2024-05-06T16:04:30.5631024-03:00 0HN3DVTDFF7BC:00000003 [INF] Request finished "HTTP/1.1" "GET" "http"://"localhost:5075""""/_vs/browserLink""" - 200 null "text/javascript; charset=UTF-8" 53.6893ms (74253ad3)
2024-05-06T16:04:30.6736728-03:00 0HN3DVTDFF7BC:00000004 [INF] Request starting "HTTP/1.1" "GET" "http"://"localhost:5075""""/swagger/v1/swagger.json""" - null null (d509f86a)
2024-05-06T16:04:30.8801031-03:00 0HN3DVTDFF7BC:00000004 [INF] Request finished "HTTP/1.1" "GET" "http"://"localhost:5075""""/swagger/v1/swagger.json""" - 200 null "application/json;charset=utf-8" 206.5004ms (74253ad3)
2024-05-06T16:05:00.2022849-03:00 0HN3DVTDFF7BE:00000001 [INF] Request starting "HTTP/1.1" "GET" "http"://"localhost:5075""""/api/Clientes""" - null null (d509f86a)
2024-05-06T16:05:00.2153303-03:00 0HN3DVTDFF7BE:00000001 [INF] Executing endpoint '"ApiWebDB.Controllers.ClientesController.Get (ApiWebDB)"' (500cc934)
2024-05-06T16:05:00.2603784-03:00 0HN3DVTDFF7BE:00000001 [INF] Route matched with "{action = \"Get\", controller = \"Clientes\"}". Executing controller action with signature "Microsoft.AspNetCore.Mvc.ActionResult`1[ApiWebDB.BaseDados.Models.TbCliente] Get()" on controller "ApiWebDB.Controllers.ClientesController" ("ApiWebDB"). (122b2fdf)
2024-05-06T16:05:02.3749039-03:00 0HN3DVTDFF7BE:00000001 [INF] Executed DbCommand ("27"ms) [Parameters=[""], CommandType='Text', CommandTimeout='30']"
""SELECT t.id, t.alteradoem, t.criadoem, t.documento, t.nascimento, t.nome, t.telefone, t.tipodoc
FROM tb_clientes AS t" (0723d8ff)
2024-05-06T16:05:02.4821755-03:00 0HN3DVTDFF7BE:00000001 [INF] Executing "OkObjectResult", writing value of type '"System.Collections.Generic.List`1[[ApiWebDB.BaseDados.Models.TbCliente, ApiWebDB, Version=1.0.0.0, Culture=neutral, PublicKeyToken=null]]"'. (605b4265)
2024-05-06T16:05:02.5013706-03:00 0HN3DVTDFF7BE:00000001 [INF] Executed action "ApiWebDB.Controllers.ClientesController.Get (ApiWebDB)" in 2237.4966ms (afa2e885)
2024-05-06T16:05:02.5015871-03:00 0HN3DVTDFF7BE:00000001 [INF] Executed endpoint '"ApiWebDB.Controllers.ClientesController.Get (ApiWebDB)"' (99874f2b)
2024-05-06T16:05:02.5120684-03:00 0HN3DVTDFF7BE:00000001 [INF] Request finished "HTTP/1.1" "GET" "http"://"localhost:5075""""/api/Clientes""" - 200 null "application/json; charset=utf-8" 2309.9899ms (74253ad3)
2024-05-06T16:05:10.2626532-03:00 0HN3DVTDFF7BE:00000002 [INF] Request starting "HTTP/1.1" "POST" "http"://"localhost:5075""""/api/Endereco""" - "application/json" 191 (d509f86a)
2024-05-06T16:05:10.2639335-03:00 0HN3DVTDFF7BE:00000002 [INF] Executing endpoint '"ApiWebDB.Controllers.EnderecoController.Insert (ApiWebDB)"' (500cc934)
2024-05-06T16:05:10.2753733-03:00 0HN3DVTDFF7BE:00000002 [INF] Route matched with "{action = \"Insert\", controller = \"Endereco\"}". Executing controller action with signature "Microsoft.AspNetCore.Mvc.ActionResult`1[ApiWebDB.BaseDados.Models.TbEndereco] Insert(ApiWebDB.Services.DTOs.EnderecoDTO)" on controller "ApiWebDB.Controllers.EnderecoController" ("ApiWebDB"). (122b2fdf)
2024-05-06T16:05:10.2805527-03:00 0HN3DVTDFF7BE:00000002 [INF] Executed action "ApiWebDB.Controllers.EnderecoController.Insert (ApiWebDB)" in 5.0348ms (afa2e885)
2024-05-06T16:05:10.2820764-03:00 0HN3DVTDFF7BE:00000002 [INF] Executed endpoint '"ApiWebDB.Controllers.EnderecoController.Insert (ApiWebDB)"' (99874f2b)
2024-05-06T16:05:10.4351908-03:00 0HN3DVTDFF7BE:00000002 [ERR] An unhandled exception has occurred while executing the request. (48a46595)
System.InvalidOperationException: Unable to resolve service for type 'ApiWebDB.Services.EnderecoService' while attempting to activate 'ApiWebDB.Controllers.EnderecoController'.
   at Microsoft.Extensions.DependencyInjection.ActivatorUtilities.ThrowHelperUnableToResolveService(Type type, Type requiredBy)
   at lambda_method61(Closure, IServiceProvider, Object[])
   at Microsoft.AspNetCore.Mvc.Controllers.ControllerFactoryProvider.<>c__DisplayClass6_0.<CreateControllerFactory>g__CreateController|0(ControllerContext controllerContext)
   at Microsoft.AspNetCore.Mvc.Infrastructure.ControllerActionInvoker.Next(State& next, Scope& scope, Object& state, Boolean& isCompleted)
   at Microsoft.AspNetCore.Mvc.Infrastructure.ControllerActionInvoker.InvokeInnerFilterAsync()
--- End of stack trace from previous location ---
   at Microsoft.AspNetCore.Mvc.Infrastructure.ResourceInvoker.<InvokeFilterPipelineAsync>g__Awaited|20_0(ResourceInvoker invoker, Task lastTask, State next, Scope scope, Object state, Boolean isCompleted)
   at Microsoft.AspNetCore.Mvc.Infrastructure.ResourceInvoker.<InvokeAsync>g__Logged|17_1(ResourceInvoker invoker)
   at Microsoft.AspNetCore.Mvc.Infrastructure.ResourceInvoker.<InvokeAsync>g__Logged|17_1(ResourceInvoker invoker)
   at Microsoft.AspNetCore.Routing.EndpointMiddleware.<Invoke>g__AwaitRequestTask|7_0(Endpoint endpoint, Task requestTask, ILogger logger)
   at Microsoft.AspNetCore.Authorization.AuthorizationMiddleware.Invoke(HttpContext context)
   at Swashbuckle.AspNetCore.SwaggerUI.SwaggerUIMiddleware.Invoke(HttpContext httpContext)
   at Swashbuckle.AspNetCore.Swagger.SwaggerMiddleware.Invoke(HttpContext httpContext, ISwaggerProvider swaggerProvider)
   at Microsoft.AspNetCore.Authentication.AuthenticationMiddleware.Invoke(HttpContext context)
   at Microsoft.AspNetCore.Diagnostics.DeveloperExceptionPageMiddlewareImpl.Invoke(HttpContext context)
2024-05-06T16:05:10.4408343-03:00 0HN3DVTDFF7BE:00000002 [INF] Request finished "HTTP/1.1" "POST" "http"://"localhost:5075""""/api/Endereco""" - 500 null "text/plain; charset=utf-8" 178.3109ms (74253ad3)
2024-05-06T16:06:14.3567213-03:00 0HN3DVTDFF7BE:00000003 [INF] Request starting "HTTP/1.1" "GET" "http"://"localhost:5075""""/api/Endereco/1""" - null null (d509f86a)
2024-05-06T16:06:14.3606699-03:00 0HN3DVTDFF7BE:00000003 [INF] Executing endpoint '"ApiWebDB.Controllers.EnderecoController.GetById (ApiWebDB)"' (500cc934)
2024-05-06T16:06:14.3892039-03:00 0HN3DVTDFF7BE:00000003 [INF] Route matched with "{action = \"GetById\", controller = \"Endereco\"}". Executing controller action with signature "Microsoft.AspNetCore.Mvc.ActionResult`1[ApiWebDB.BaseDados.Models.TbEndereco] GetById(Int32)" on controller "ApiWebDB.Controllers.EnderecoController" ("ApiWebDB"). (122b2fdf)
2024-05-06T16:06:14.3908553-03:00 0HN3DVTDFF7BE:00000003 [INF] Executed action "ApiWebDB.Controllers.EnderecoController.GetById (ApiWebDB)" in 1.2846ms (afa2e885)
2024-05-06T16:06:14.3915731-03:00 0HN3DVTDFF7BE:00000003 [INF] Executed endpoint '"ApiWebDB.Controllers.EnderecoController.GetById (ApiWebDB)"' (99874f2b)
2024-05-06T16:06:14.4010867-03:00 0HN3DVTDFF7BE:00000003 [ERR] An unhandled exception has occurred while executing the request. (48a46595)
System.InvalidOperationException: Unable to resolve service for type 'ApiWebDB.Services.EnderecoService' while attempting to activate 'ApiWebDB.Controllers.EnderecoController'.
   at Microsoft.Extensions.DependencyInjection.ActivatorUtilities.ThrowHelperUnableToResolveService(Type type, Type requiredBy)
   at lambda_method63(Closure, IServiceProvider, Object[])
   at Microsoft.AspNetCore.Mvc.Controllers.ControllerFactoryProvider.<>c__DisplayClass6_0.<CreateControllerFactory>g__CreateController|0(ControllerContext controllerContext)
   at Microsoft.AspNetCore.Mvc.Infrastructure.ControllerActionInvoker.Next(State& next, Scope& scope, Object& state, Boolean& isCompleted)
   at Microsoft.AspNetCore.Mvc.Infrastructure.ControllerActionInvoker.InvokeInnerFilterAsync()
--- End of stack trace from previous location ---
   at Microsoft.AspNetCore.Mvc.Infrastructure.ResourceInvoker.<InvokeFilterPipelineAsync>g__Awaited|20_0(ResourceInvoker invoker, Task lastTask, State next, Scope scope, Object state, Boolean isCompleted)
   at Microsoft.AspNetCore.Mvc.Infrastructure.ResourceInvoker.<InvokeAsync>g__Logged|17_1(ResourceInvoker invoker)
   at Microsoft.AspNetCore.Mvc.Infrastructure.ResourceInvoker.<InvokeAsync>g__Logged|17_1(ResourceInvoker invoker)
   at Microsoft.AspNetCore.Routing.EndpointMiddleware.<Invoke>g__AwaitRequestTask|7_0(Endpoint endpoint, Task requestTask, ILogger logger)
   at Microsoft.AspNetCore.Authorization.AuthorizationMiddleware.Invoke(HttpContext context)
   at Swashbuckle.AspNetCore.SwaggerUI.SwaggerUIMiddleware.Invoke(HttpContext httpContext)
   at Swashbuckle.AspNetCore.Swagger.SwaggerMiddleware.Invoke(HttpContext httpContext, ISwaggerProvider swaggerProvider)
   at Microsoft.AspNetCore.Authentication.AuthenticationMiddleware.Invoke(HttpContext context)
   at Microsoft.AspNetCore.Diagnostics.DeveloperExceptionPageMiddlewareImpl.Invoke(HttpContext context)
2024-05-06T16:06:14.4030335-03:00 0HN3DVTDFF7BE:00000003 [INF] Request finished "HTTP/1.1" "GET" "http"://"localhost:5075""""/api/Endereco/1""" - 500 null "text/plain; charset=utf-8" 51.1962ms (74253ad3)
2024-05-06T16:11:46.0342464-03:00  [INF] Now listening on: "http://localhost:5075" (d826f4b8)
2024-05-06T16:11:46.2496915-03:00  [INF] Application started. Press Ctrl+C to shut down. (dcaefe54)
2024-05-06T16:11:46.2546017-03:00  [INF] Hosting environment: "Development" (bc5a1a4e)
2024-05-06T16:11:46.2569712-03:00  [INF] Content root path: "C:\Users\USER\source\repos\T2\ApiWebDB" (cc26f24e)
2024-05-06T16:11:46.7155766-03:00 0HN3E01FQJ81L:00000001 [INF] Request starting "HTTP/1.1" "GET" "http"://"localhost:5075""""/swagger/index.html""" - null null (d509f86a)
2024-05-06T16:11:47.0560950-03:00 0HN3E01FQJ81L:00000001 [INF] Request finished "HTTP/1.1" "GET" "http"://"localhost:5075""""/swagger/index.html""" - 200 null "text/html;charset=utf-8" 352.459ms (74253ad3)
2024-05-06T16:11:47.1183994-03:00 0HN3E01FQJ81L:00000002 [INF] Request starting "HTTP/1.1" "GET" "http"://"localhost:5075""""/_framework/aspnetcore-browser-refresh.js""" - null null (d509f86a)
2024-05-06T16:11:47.1183995-03:00 0HN3E01FQJ81M:00000001 [INF] Request starting "HTTP/1.1" "GET" "http"://"localhost:5075""""/_vs/browserLink""" - null null (d509f86a)
2024-05-06T16:11:47.1217123-03:00 0HN3E01FQJ81L:00000002 [INF] Request finished "HTTP/1.1" "GET" "http"://"localhost:5075""""/_framework/aspnetcore-browser-refresh.js""" - 200 13752 "application/javascript; charset=utf-8" 3.257ms (74253ad3)
2024-05-06T16:11:47.1748778-03:00 0HN3E01FQJ81M:00000001 [INF] Request finished "HTTP/1.1" "GET" "http"://"localhost:5075""""/_vs/browserLink""" - 200 null "text/javascript; charset=UTF-8" 56.5842ms (74253ad3)
2024-05-06T16:11:47.3045675-03:00 0HN3E01FQJ81M:00000002 [INF] Request starting "HTTP/1.1" "GET" "http"://"localhost:5075""""/swagger/v1/swagger.json""" - null null (d509f86a)
2024-05-06T16:11:47.4880632-03:00 0HN3E01FQJ81M:00000002 [INF] Request finished "HTTP/1.1" "GET" "http"://"localhost:5075""""/swagger/v1/swagger.json""" - 200 null "application/json;charset=utf-8" 183.6342ms (74253ad3)
2024-05-06T16:13:35.8024259-03:00 0HN3E01FQJ81M:00000003 [INF] Request starting "HTTP/1.1" "POST" "http"://"localhost:5075""""/api/Endereco""" - "application/json" 197 (d509f86a)
2024-05-06T16:13:35.8341126-03:00 0HN3E01FQJ81M:00000003 [INF] Executing endpoint '"ApiWebDB.Controllers.EnderecoController.Insert (ApiWebDB)"' (500cc934)
2024-05-06T16:13:35.9100766-03:00 0HN3E01FQJ81M:00000003 [INF] Route matched with "{action = \"Insert\", controller = \"Endereco\"}". Executing controller action with signature "Microsoft.AspNetCore.Mvc.ActionResult`1[ApiWebDB.BaseDados.Models.TbEndereco] Insert(ApiWebDB.Services.DTOs.EnderecoDTO)" on controller "ApiWebDB.Controllers.EnderecoController" ("ApiWebDB"). (122b2fdf)
2024-05-06T16:13:35.9292569-03:00 0HN3E01FQJ81M:00000003 [INF] Executed action "ApiWebDB.Controllers.EnderecoController.Insert (ApiWebDB)" in 11.3362ms (afa2e885)
2024-05-06T16:13:35.9321428-03:00 0HN3E01FQJ81M:00000003 [INF] Executed endpoint '"ApiWebDB.Controllers.EnderecoController.Insert (ApiWebDB)"' (99874f2b)
2024-05-06T16:13:36.0893118-03:00 0HN3E01FQJ81M:00000003 [ERR] An unhandled exception has occurred while executing the request. (48a46595)
System.InvalidOperationException: Unable to resolve service for type 'ApiWebDB.Services.EnderecoService' while attempting to activate 'ApiWebDB.Controllers.EnderecoController'.
   at Microsoft.Extensions.DependencyInjection.ActivatorUtilities.ThrowHelperUnableToResolveService(Type type, Type requiredBy)
   at lambda_method3(Closure, IServiceProvider, Object[])
   at Microsoft.AspNetCore.Mvc.Controllers.ControllerFactoryProvider.<>c__DisplayClass6_0.<CreateControllerFactory>g__CreateController|0(ControllerContext controllerContext)
   at Microsoft.AspNetCore.Mvc.Infrastructure.ControllerActionInvoker.Next(State& next, Scope& scope, Object& state, Boolean& isCompleted)
   at Microsoft.AspNetCore.Mvc.Infrastructure.ControllerActionInvoker.InvokeInnerFilterAsync()
--- End of stack trace from previous location ---
   at Microsoft.AspNetCore.Mvc.Infrastructure.ResourceInvoker.<InvokeFilterPipelineAsync>g__Awaited|20_0(ResourceInvoker invoker, Task lastTask, State next, Scope scope, Object state, Boolean isCompleted)
   at Microsoft.AspNetCore.Mvc.Infrastructure.ResourceInvoker.<InvokeAsync>g__Logged|17_1(ResourceInvoker invoker)
   at Microsoft.AspNetCore.Mvc.Infrastructure.ResourceInvoker.<InvokeAsync>g__Logged|17_1(ResourceInvoker invoker)
   at Microsoft.AspNetCore.Routing.EndpointMiddleware.<Invoke>g__AwaitRequestTask|7_0(Endpoint endpoint, Task requestTask, ILogger logger)
   at Microsoft.AspNetCore.Authorization.AuthorizationMiddleware.Invoke(HttpContext context)
   at Swashbuckle.AspNetCore.SwaggerUI.SwaggerUIMiddleware.Invoke(HttpContext httpContext)
   at Swashbuckle.AspNetCore.Swagger.SwaggerMiddleware.Invoke(HttpContext httpContext, ISwaggerProvider swaggerProvider)
   at Microsoft.AspNetCore.Authentication.AuthenticationMiddleware.Invoke(HttpContext context)
   at Microsoft.AspNetCore.Diagnostics.DeveloperExceptionPageMiddlewareImpl.Invoke(HttpContext context)
2024-05-06T16:13:36.0975262-03:00 0HN3E01FQJ81M:00000003 [INF] Request finished "HTTP/1.1" "POST" "http"://"localhost:5075""""/api/Endereco""" - 500 null "text/plain; charset=utf-8" 295.2463ms (74253ad3)
2024-05-06T19:12:16.5596567-03:00  [INF] Now listening on: "http://localhost:5075" (d826f4b8)
2024-05-06T19:12:16.7030266-03:00  [INF] Application started. Press Ctrl+C to shut down. (dcaefe54)
2024-05-06T19:12:16.7068789-03:00  [INF] Hosting environment: "Development" (bc5a1a4e)
2024-05-06T19:12:16.7103789-03:00  [INF] Content root path: "C:\Users\USER\source\repos\T2\ApiWebDB" (cc26f24e)
2024-05-06T19:12:19.3661928-03:00 0HN3E36BHNLNB:00000001 [INF] Request starting "HTTP/1.1" "GET" "http"://"localhost:5075""""/swagger/index.html""" - null null (d509f86a)
2024-05-06T19:12:19.8491271-03:00 0HN3E36BHNLNB:00000001 [INF] Request finished "HTTP/1.1" "GET" "http"://"localhost:5075""""/swagger/index.html""" - 200 null "text/html;charset=utf-8" 510.2856ms (74253ad3)
2024-05-06T19:12:19.8570878-03:00 0HN3E36BHNLNB:00000002 [INF] Request starting "HTTP/1.1" "GET" "http"://"localhost:5075""""/_framework/aspnetcore-browser-refresh.js""" - null null (d509f86a)
2024-05-06T19:12:19.8597532-03:00 0HN3E36BHNLNB:00000002 [INF] Request finished "HTTP/1.1" "GET" "http"://"localhost:5075""""/_framework/aspnetcore-browser-refresh.js""" - 200 13752 "application/javascript; charset=utf-8" 2.8335ms (74253ad3)
2024-05-06T19:12:19.8761891-03:00 0HN3E36BHNLNB:00000003 [INF] Request starting "HTTP/1.1" "GET" "http"://"localhost:5075""""/_vs/browserLink""" - null null (d509f86a)
2024-05-06T19:12:19.9693629-03:00 0HN3E36BHNLNB:00000003 [INF] Request finished "HTTP/1.1" "GET" "http"://"localhost:5075""""/_vs/browserLink""" - 200 null "text/javascript; charset=UTF-8" 93.1902ms (74253ad3)
2024-05-06T19:12:20.1733463-03:00 0HN3E36BHNLNB:00000004 [INF] Request starting "HTTP/1.1" "GET" "http"://"localhost:5075""""/swagger/v1/swagger.json""" - null null (d509f86a)
2024-05-06T19:12:20.2738275-03:00 0HN3E36BHNLNB:00000004 [INF] Request finished "HTTP/1.1" "GET" "http"://"localhost:5075""""/swagger/v1/swagger.json""" - 200 null "application/json;charset=utf-8" 100.5738ms (74253ad3)
2024-05-06T19:12:55.7773515-03:00 0HN3E36BHNLND:00000001 [INF] Request starting "HTTP/1.1" "GET" "http"://"localhost:5075""""/api/Clientes""" - null null (d509f86a)
2024-05-06T19:12:55.8040313-03:00 0HN3E36BHNLND:00000001 [INF] Executing endpoint '"ApiWebDB.Controllers.ClientesController.Get (ApiWebDB)"' (500cc934)
2024-05-06T19:12:55.8631586-03:00 0HN3E36BHNLND:00000001 [INF] Route matched with "{action = \"Get\", controller = \"Clientes\"}". Executing controller action with signature "Microsoft.AspNetCore.Mvc.ActionResult`1[ApiWebDB.BaseDados.Models.TbCliente] Get()" on controller "ApiWebDB.Controllers.ClientesController" ("ApiWebDB"). (122b2fdf)
2024-05-06T19:13:00.6684149-03:00 0HN3E36BHNLND:00000001 [INF] Executed DbCommand ("49"ms) [Parameters=[""], CommandType='Text', CommandTimeout='30']"
""SELECT t.id, t.alteradoem, t.criadoem, t.documento, t.nascimento, t.nome, t.telefone, t.tipodoc
FROM tb_clientes AS t" (0723d8ff)
2024-05-06T19:13:00.9327454-03:00 0HN3E36BHNLND:00000001 [INF] Executing "OkObjectResult", writing value of type '"System.Collections.Generic.List`1[[ApiWebDB.BaseDados.Models.TbCliente, ApiWebDB, Version=1.0.0.0, Culture=neutral, PublicKeyToken=null]]"'. (605b4265)
2024-05-06T19:13:00.9796168-03:00 0HN3E36BHNLND:00000001 [INF] Executed action "ApiWebDB.Controllers.ClientesController.Get (ApiWebDB)" in 5106.7651ms (afa2e885)
2024-05-06T19:13:00.9800980-03:00 0HN3E36BHNLND:00000001 [INF] Executed endpoint '"ApiWebDB.Controllers.ClientesController.Get (ApiWebDB)"' (99874f2b)
2024-05-06T19:13:01.0007152-03:00 0HN3E36BHNLND:00000001 [INF] Request finished "HTTP/1.1" "GET" "http"://"localhost:5075""""/api/Clientes""" - 200 null "application/json; charset=utf-8" 5223.3267ms (74253ad3)
2024-05-06T19:13:09.3017082-03:00 0HN3E36BHNLNE:00000001 [INF] Request starting "HTTP/1.1" "POST" "http"://"localhost:5075""""/api/Endereco""" - "application/json" 188 (d509f86a)
2024-05-06T19:13:09.3036567-03:00 0HN3E36BHNLNE:00000001 [INF] Executing endpoint '"ApiWebDB.Controllers.EnderecoController.Insert (ApiWebDB)"' (500cc934)
2024-05-06T19:13:09.3215999-03:00 0HN3E36BHNLNE:00000001 [INF] Route matched with "{action = \"Insert\", controller = \"Endereco\"}". Executing controller action with signature "Microsoft.AspNetCore.Mvc.ActionResult`1[ApiWebDB.BaseDados.Models.TbEndereco] Insert(ApiWebDB.Services.DTOs.EnderecoDTO)" on controller "ApiWebDB.Controllers.EnderecoController" ("ApiWebDB"). (122b2fdf)
2024-05-06T19:13:09.3324382-03:00 0HN3E36BHNLNE:00000001 [INF] Executed action "ApiWebDB.Controllers.EnderecoController.Insert (ApiWebDB)" in 10.1984ms (afa2e885)
2024-05-06T19:13:09.3361374-03:00 0HN3E36BHNLNE:00000001 [INF] Executed endpoint '"ApiWebDB.Controllers.EnderecoController.Insert (ApiWebDB)"' (99874f2b)
2024-05-06T19:13:09.6532324-03:00 0HN3E36BHNLNE:00000001 [ERR] An unhandled exception has occurred while executing the request. (48a46595)
System.InvalidOperationException: Unable to resolve service for type 'ApiWebDB.Services.EnderecoService' while attempting to activate 'ApiWebDB.Controllers.EnderecoController'.
   at Microsoft.Extensions.DependencyInjection.ActivatorUtilities.ThrowHelperUnableToResolveService(Type type, Type requiredBy)
   at lambda_method61(Closure, IServiceProvider, Object[])
   at Microsoft.AspNetCore.Mvc.Controllers.ControllerFactoryProvider.<>c__DisplayClass6_0.<CreateControllerFactory>g__CreateController|0(ControllerContext controllerContext)
   at Microsoft.AspNetCore.Mvc.Infrastructure.ControllerActionInvoker.Next(State& next, Scope& scope, Object& state, Boolean& isCompleted)
   at Microsoft.AspNetCore.Mvc.Infrastructure.ControllerActionInvoker.InvokeInnerFilterAsync()
--- End of stack trace from previous location ---
   at Microsoft.AspNetCore.Mvc.Infrastructure.ResourceInvoker.<InvokeFilterPipelineAsync>g__Awaited|20_0(ResourceInvoker invoker, Task lastTask, State next, Scope scope, Object state, Boolean isCompleted)
   at Microsoft.AspNetCore.Mvc.Infrastructure.ResourceInvoker.<InvokeAsync>g__Logged|17_1(ResourceInvoker invoker)
   at Microsoft.AspNetCore.Mvc.Infrastructure.ResourceInvoker.<InvokeAsync>g__Logged|17_1(ResourceInvoker invoker)
   at Microsoft.AspNetCore.Routing.EndpointMiddleware.<Invoke>g__AwaitRequestTask|7_0(Endpoint endpoint, Task requestTask, ILogger logger)
   at Microsoft.AspNetCore.Authorization.AuthorizationMiddleware.Invoke(HttpContext context)
   at Swashbuckle.AspNetCore.SwaggerUI.SwaggerUIMiddleware.Invoke(HttpContext httpContext)
   at Swashbuckle.AspNetCore.Swagger.SwaggerMiddleware.Invoke(HttpContext httpContext, ISwaggerProvider swaggerProvider)
   at Microsoft.AspNetCore.Authentication.AuthenticationMiddleware.Invoke(HttpContext context)
   at Microsoft.AspNetCore.Diagnostics.DeveloperExceptionPageMiddlewareImpl.Invoke(HttpContext context)
2024-05-06T19:13:09.6608798-03:00 0HN3E36BHNLNE:00000001 [INF] Request finished "HTTP/1.1" "POST" "http"://"localhost:5075""""/api/Endereco""" - 500 null "text/plain; charset=utf-8" 359.2121ms (74253ad3)
2024-05-06T19:13:14.2932369-03:00 0HN3E36BHNLNF:00000001 [INF] Request starting "HTTP/1.1" "POST" "http"://"localhost:5075""""/api/Endereco""" - "application/json" 188 (d509f86a)
2024-05-06T19:13:14.2938609-03:00 0HN3E36BHNLNF:00000001 [INF] Executing endpoint '"ApiWebDB.Controllers.EnderecoController.Insert (ApiWebDB)"' (500cc934)
2024-05-06T19:13:14.2943682-03:00 0HN3E36BHNLNF:00000001 [INF] Route matched with "{action = \"Insert\", controller = \"Endereco\"}". Executing controller action with signature "Microsoft.AspNetCore.Mvc.ActionResult`1[ApiWebDB.BaseDados.Models.TbEndereco] Insert(ApiWebDB.Services.DTOs.EnderecoDTO)" on controller "ApiWebDB.Controllers.EnderecoController" ("ApiWebDB"). (122b2fdf)
2024-05-06T19:13:14.2963594-03:00 0HN3E36BHNLNF:00000001 [INF] Executed action "ApiWebDB.Controllers.EnderecoController.Insert (ApiWebDB)" in 1.6802ms (afa2e885)
2024-05-06T19:13:14.2972142-03:00 0HN3E36BHNLNF:00000001 [INF] Executed endpoint '"ApiWebDB.Controllers.EnderecoController.Insert (ApiWebDB)"' (99874f2b)
2024-05-06T19:13:14.3123137-03:00 0HN3E36BHNLNF:00000001 [ERR] An unhandled exception has occurred while executing the request. (48a46595)
System.InvalidOperationException: Unable to resolve service for type 'ApiWebDB.Services.EnderecoService' while attempting to activate 'ApiWebDB.Controllers.EnderecoController'.
   at Microsoft.Extensions.DependencyInjection.ActivatorUtilities.ThrowHelperUnableToResolveService(Type type, Type requiredBy)
   at lambda_method61(Closure, IServiceProvider, Object[])
   at Microsoft.AspNetCore.Mvc.Controllers.ControllerFactoryProvider.<>c__DisplayClass6_0.<CreateControllerFactory>g__CreateController|0(ControllerContext controllerContext)
   at Microsoft.AspNetCore.Mvc.Infrastructure.ControllerActionInvoker.Next(State& next, Scope& scope, Object& state, Boolean& isCompleted)
   at Microsoft.AspNetCore.Mvc.Infrastructure.ControllerActionInvoker.InvokeInnerFilterAsync()
--- End of stack trace from previous location ---
   at Microsoft.AspNetCore.Mvc.Infrastructure.ResourceInvoker.<InvokeFilterPipelineAsync>g__Awaited|20_0(ResourceInvoker invoker, Task lastTask, State next, Scope scope, Object state, Boolean isCompleted)
   at Microsoft.AspNetCore.Mvc.Infrastructure.ResourceInvoker.<InvokeAsync>g__Logged|17_1(ResourceInvoker invoker)
   at Microsoft.AspNetCore.Mvc.Infrastructure.ResourceInvoker.<InvokeAsync>g__Logged|17_1(ResourceInvoker invoker)
   at Microsoft.AspNetCore.Routing.EndpointMiddleware.<Invoke>g__AwaitRequestTask|7_0(Endpoint endpoint, Task requestTask, ILogger logger)
   at Microsoft.AspNetCore.Authorization.AuthorizationMiddleware.Invoke(HttpContext context)
   at Swashbuckle.AspNetCore.SwaggerUI.SwaggerUIMiddleware.Invoke(HttpContext httpContext)
   at Swashbuckle.AspNetCore.Swagger.SwaggerMiddleware.Invoke(HttpContext httpContext, ISwaggerProvider swaggerProvider)
   at Microsoft.AspNetCore.Authentication.AuthenticationMiddleware.Invoke(HttpContext context)
   at Microsoft.AspNetCore.Diagnostics.DeveloperExceptionPageMiddlewareImpl.Invoke(HttpContext context)
2024-05-06T19:13:14.3139045-03:00 0HN3E36BHNLNF:00000001 [INF] Request finished "HTTP/1.1" "POST" "http"://"localhost:5075""""/api/Endereco""" - 500 null "text/plain; charset=utf-8" 20.6782ms (74253ad3)
2024-05-06T19:13:14.6951681-03:00 0HN3E36BHNLNF:00000002 [INF] Request starting "HTTP/1.1" "POST" "http"://"localhost:5075""""/api/Endereco""" - "application/json" 188 (d509f86a)
2024-05-06T19:13:14.6955502-03:00 0HN3E36BHNLNF:00000002 [INF] Executing endpoint '"ApiWebDB.Controllers.EnderecoController.Insert (ApiWebDB)"' (500cc934)
2024-05-06T19:13:14.6958944-03:00 0HN3E36BHNLNF:00000002 [INF] Route matched with "{action = \"Insert\", controller = \"Endereco\"}". Executing controller action with signature "Microsoft.AspNetCore.Mvc.ActionResult`1[ApiWebDB.BaseDados.Models.TbEndereco] Insert(ApiWebDB.Services.DTOs.EnderecoDTO)" on controller "ApiWebDB.Controllers.EnderecoController" ("ApiWebDB"). (122b2fdf)
2024-05-06T19:13:14.6974222-03:00 0HN3E36BHNLNF:00000002 [INF] Executed action "ApiWebDB.Controllers.EnderecoController.Insert (ApiWebDB)" in 1.2845ms (afa2e885)
2024-05-06T19:13:14.6983895-03:00 0HN3E36BHNLNF:00000002 [INF] Executed endpoint '"ApiWebDB.Controllers.EnderecoController.Insert (ApiWebDB)"' (99874f2b)
2024-05-06T19:13:14.7080348-03:00 0HN3E36BHNLNF:00000002 [ERR] An unhandled exception has occurred while executing the request. (48a46595)
System.InvalidOperationException: Unable to resolve service for type 'ApiWebDB.Services.EnderecoService' while attempting to activate 'ApiWebDB.Controllers.EnderecoController'.
   at Microsoft.Extensions.DependencyInjection.ActivatorUtilities.ThrowHelperUnableToResolveService(Type type, Type requiredBy)
   at lambda_method61(Closure, IServiceProvider, Object[])
   at Microsoft.AspNetCore.Mvc.Controllers.ControllerFactoryProvider.<>c__DisplayClass6_0.<CreateControllerFactory>g__CreateController|0(ControllerContext controllerContext)
   at Microsoft.AspNetCore.Mvc.Infrastructure.ControllerActionInvoker.Next(State& next, Scope& scope, Object& state, Boolean& isCompleted)
   at Microsoft.AspNetCore.Mvc.Infrastructure.ControllerActionInvoker.InvokeInnerFilterAsync()
--- End of stack trace from previous location ---
   at Microsoft.AspNetCore.Mvc.Infrastructure.ResourceInvoker.<InvokeFilterPipelineAsync>g__Awaited|20_0(ResourceInvoker invoker, Task lastTask, State next, Scope scope, Object state, Boolean isCompleted)
   at Microsoft.AspNetCore.Mvc.Infrastructure.ResourceInvoker.<InvokeAsync>g__Logged|17_1(ResourceInvoker invoker)
   at Microsoft.AspNetCore.Mvc.Infrastructure.ResourceInvoker.<InvokeAsync>g__Logged|17_1(ResourceInvoker invoker)
   at Microsoft.AspNetCore.Routing.EndpointMiddleware.<Invoke>g__AwaitRequestTask|7_0(Endpoint endpoint, Task requestTask, ILogger logger)
   at Microsoft.AspNetCore.Authorization.AuthorizationMiddleware.Invoke(HttpContext context)
   at Swashbuckle.AspNetCore.SwaggerUI.SwaggerUIMiddleware.Invoke(HttpContext httpContext)
   at Swashbuckle.AspNetCore.Swagger.SwaggerMiddleware.Invoke(HttpContext httpContext, ISwaggerProvider swaggerProvider)
   at Microsoft.AspNetCore.Authentication.AuthenticationMiddleware.Invoke(HttpContext context)
   at Microsoft.AspNetCore.Diagnostics.DeveloperExceptionPageMiddlewareImpl.Invoke(HttpContext context)
2024-05-06T19:13:14.7103752-03:00 0HN3E36BHNLNF:00000002 [INF] Request finished "HTTP/1.1" "POST" "http"://"localhost:5075""""/api/Endereco""" - 500 null "text/plain; charset=utf-8" 15.2757ms (74253ad3)
